#
# There is insufficient memory for the Java Runtime Environment to continue.
# Native memory allocation (malloc) failed to allocate 839136 bytes for Chunk::new
# Possible reasons:
#   The system is out of physical RAM or swap space
#   The process is running with CompressedOops enabled, and the Java Heap may be blocking the growth of the native heap
# Possible solutions:
#   Reduce memory load on the system
#   Increase physical memory or swap space
#   Check if swap backing store is full
#   Decrease Java heap size (-Xmx/-Xms)
#   Decrease number of Java threads
#   Decrease Java thread stack sizes (-Xss)
#   Set larger code cache with -XX:ReservedCodeCacheSize=
#   JVM is running with Unscaled Compressed Oops mode in which the Java heap is
#     placed in the first 4GB address space. The Java Heap base address is the
#     maximum limit for the native heap growth. Please use -XX:HeapBaseMinAddress
#     to set the Java Heap base and to place the Java Heap above 4GB virtual address.
# This output file may be truncated or incomplete.
#
#  Out of Memory Error (allocation.cpp:389), pid=12016, tid=0x0000000000002b20
#
# JRE version: OpenJDK Runtime Environment (8.0_212-b04) (build 1.8.0_212-release-1586-b04)
# Java VM: OpenJDK 64-Bit Server VM (25.212-b04 mixed mode windows-amd64 compressed oops)
# Failed to write core dump. Minidumps are not enabled by default on client versions of Windows
#

---------------  T H R E A D  ---------------

Current thread (0x000000001693d000):  JavaThread "C2 CompilerThread0" daemon [_thread_in_native, id=11040, stack(0x0000000017f70000,0x0000000018070000)]

Stack: [0x0000000017f70000,0x0000000018070000]
[error occurred during error reporting (printing stack bounds), id 0xc0000005]

Native frames: (J=compiled Java code, j=interpreted, Vv=VM code, C=native code)


Current CompileTask:
C2:1428315 26414   !   4       org.gradle.cache.internal.DefaultFileLockManager$DefaultFileLock::doWriteAction (66 bytes)


---------------  P R O C E S S  ---------------

Java Threads: ( => current thread )
  0x00000000207b8000 JavaThread "Cache worker for Build Output Cleanup Cache (F:\Android Projects\CarWash\.gradle\buildOutputCleanup)" [_thread_blocked, id=12092, stack(0x000000003b010000,0x000000003b110000)]
  0x00000000207b7800 JavaThread "Build operations Thread 4" [_thread_in_Java, id=6872, stack(0x000000003af10000,0x000000003b010000)]
  0x00000000207b6800 JavaThread "Build operations Thread 3" [_thread_in_native, id=10512, stack(0x000000003ae10000,0x000000003af10000)]
  0x00000000207b6000 JavaThread "Build operations Thread 2" [_thread_blocked, id=10684, stack(0x000000003ad10000,0x000000003ae10000)]
  0x00000000207ba800 JavaThread "Build operations" [_thread_blocked, id=11828, stack(0x000000003ac10000,0x000000003ad10000)]
  0x00000000207b9800 JavaThread "Cache worker for cache directory md-rule (C:\Users\AravindhGopi\.gradle\caches\5.6.4\md-rule)" [_thread_blocked, id=11916, stack(0x000000003ab10000,0x000000003ac10000)]
  0x00000000207b5000 JavaThread "Cache worker for cache directory md-supplier (C:\Users\AravindhGopi\.gradle\caches\5.6.4\md-supplier)" [_thread_blocked, id=11060, stack(0x000000003aa10000,0x000000003ab10000)]
  0x00000000207b4800 JavaThread "Cache worker for file hash cache (F:\Android Projects\CarWash\.gradle\5.6.4\fileHashes)" [_thread_blocked, id=2848, stack(0x000000003a910000,0x000000003aa10000)]
  0x00000000207ad000 JavaThread "Thread-212" [_thread_blocked, id=11716, stack(0x000000003a810000,0x000000003a910000)]
  0x00000000207b0000 JavaThread "Stdin handler" [_thread_blocked, id=12100, stack(0x000000003a710000,0x000000003a810000)]
  0x00000000207b3800 JavaThread "Asynchronous log dispatcher for DefaultDaemonConnection: socket connection from /127.0.0.1:10632 to /127.0.0.1:10949" [_thread_blocked, id=4192, stack(0x000000003a610000,0x000000003a710000)]
  0x00000000207af000 JavaThread "Daemon worker Thread 5" [_thread_blocked, id=2456, stack(0x000000003a510000,0x000000003a610000)]
  0x00000000207ac000 JavaThread "Cancel handler" [_thread_blocked, id=10296, stack(0x000000003a410000,0x000000003a510000)]
  0x00000000207b2000 JavaThread "Handler for socket connection from /127.0.0.1:10632 to /127.0.0.1:10949" [_thread_in_native, id=2268, stack(0x000000003a310000,0x000000003a410000)]
  0x00000000207b1800 JavaThread "Daemon Thread 5" [_thread_blocked, id=11568, stack(0x000000003a210000,0x000000003a310000)]
  0x00000000207b0800 JavaThread "MarlinRenderer Disposer" daemon [_thread_blocked, id=5472, stack(0x0000000039b10000,0x0000000039c10000)]
  0x00000000207ae800 JavaThread "Java2D Disposer" daemon [_thread_blocked, id=7836, stack(0x0000000039a10000,0x0000000039b10000)]
  0x000000001e28d000 JavaThread "Cache worker for Java compile cache (C:\Users\AravindhGopi\.gradle\caches\5.6.4\javaCompile)" [_thread_blocked, id=11972, stack(0x0000000027a10000,0x0000000027b10000)]
  0x000000001cc36000 JavaThread "Cache worker for file content cache (C:\Users\AravindhGopi\.gradle\caches\5.6.4\fileContent)" [_thread_blocked, id=8072, stack(0x0000000023370000,0x0000000023470000)]
  0x000000001cc3d000 JavaThread "Memory manager" [_thread_blocked, id=212, stack(0x0000000022f80000,0x0000000023080000)]
  0x000000001cc3a000 JavaThread "Cache worker for execution history cache (C:\Users\AravindhGopi\.gradle\caches\5.6.4\executionHistory)" [_thread_in_native, id=5880, stack(0x0000000021710000,0x0000000021810000)]
  0x00000000189a4000 JavaThread "Cache worker for journal cache (C:\Users\AravindhGopi\.gradle\caches\journal-1)" [_thread_blocked, id=10548, stack(0x000000001c430000,0x000000001c530000)]
  0x00000000189a2800 JavaThread "File lock request listener" [_thread_in_native, id=6132, stack(0x000000001c330000,0x000000001c430000)]
  0x000000001899f800 JavaThread "Cache worker for file hash cache (C:\Users\AravindhGopi\.gradle\caches\5.6.4\fileHashes)" [_thread_in_vm, id=1332, stack(0x000000001c230000,0x000000001c330000)]
  0x000000001a1de000 JavaThread "Daemon periodic checks" [_thread_blocked, id=480, stack(0x000000001b830000,0x000000001b930000)]
  0x000000001a1c7000 JavaThread "Incoming local TCP Connector on port 10632" [_thread_in_native, id=11724, stack(0x000000001b650000,0x000000001b750000)]
  0x00000000188b4000 JavaThread "Daemon health stats" [_thread_blocked, id=12236, stack(0x000000001b010000,0x000000001b110000)]
  0x000000001699e000 JavaThread "Service Thread" daemon [_thread_blocked, id=8064, stack(0x0000000018670000,0x0000000018770000)]
  0x0000000016943800 JavaThread "C1 CompilerThread2" daemon [_thread_blocked, id=5660, stack(0x0000000018170000,0x0000000018270000)]
  0x0000000016940000 JavaThread "C2 CompilerThread1" daemon [_thread_in_native, id=4428, stack(0x0000000018070000,0x0000000018170000)]
=>0x000000001693d000 JavaThread "C2 CompilerThread0" daemon [_thread_in_native, id=11040, stack(0x0000000017f70000,0x0000000018070000)]
  0x000000001693a800 JavaThread "Attach Listener" daemon [_thread_blocked, id=10716, stack(0x0000000017e70000,0x0000000017f70000)]
  0x0000000016939000 JavaThread "Signal Dispatcher" daemon [_thread_blocked, id=11552, stack(0x0000000017d70000,0x0000000017e70000)]
  0x0000000002fcb000 JavaThread "Finalizer" daemon [_thread_blocked, id=6116, stack(0x0000000017b90000,0x0000000017c90000)]
  0x0000000016929000 JavaThread "Reference Handler" daemon [_thread_blocked, id=9308, stack(0x0000000017a90000,0x0000000017b90000)]
  0x0000000002ece800 JavaThread "main" [_thread_blocked, id=4112, stack(0x0000000002d50000,0x0000000002e50000)]

Other Threads:
  0x0000000016907000 VMThread [stack: 0x0000000017990000,0x0000000017a90000] [id=8844]
  0x0000000018291800 WatcherThread [stack: 0x0000000018770000,0x0000000018870000] [id=7792]

VM state:not at safepoint (normal execution)

VM Mutex/Monitor currently owned by a thread: None

heap address: 0x00000000a0000000, size: 1536 MB, Compressed Oops mode: 32-bit
Narrow klass base: 0x0000000000000000, Narrow klass shift: 3
Compressed class space size: 1073741824 Address: 0x0000000100000000

Heap:
 PSYoungGen      total 352256K, used 352059K [0x00000000e0000000, 0x00000000ffb80000, 0x0000000100000000)
  eden space 336384K, 99% used [0x00000000e0000000,0x00000000f4875b50,0x00000000f4880000)
  from space 15872K, 99% used [0x00000000f4880000,0x00000000f57d9278,0x00000000f5800000)
  to   space 91648K, 0% used [0x00000000fa200000,0x00000000fa200000,0x00000000ffb80000)
 ParOldGen       total 258560K, used 148548K [0x00000000a0000000, 0x00000000afc80000, 0x00000000e0000000)
  object space 258560K, 57% used [0x00000000a0000000,0x00000000a91113d8,0x00000000afc80000)
 Metaspace       used 111992K, capacity 118849K, committed 119040K, reserved 1153024K
  class space    used 14173K, capacity 15771K, committed 15872K, reserved 1048576K

Card table byte_map: [0x0000000012390000,0x00000000126a0000] byte_map_base: 0x0000000011e90000

Marking Bits: (ParMarkBitMap*) 0x0000000077da9f30
 Begin Bits: [0x0000000012ca0000, 0x00000000144a0000)
 End Bits:   [0x00000000144a0000, 0x0000000015ca0000)

Polling page: 0x00000000010e0000

CodeCache: size=245760Kb used=72131Kb max_used=72131Kb free=173628Kb
 bounds [0x0000000002fd0000, 0x00000000076a0000, 0x0000000011fd0000]
 total_blobs=21376 nmethods=20328 adapters=955
 compilation: enabled

Compilation events (10 events):
Event: 1427.711 Thread 0x0000000016943800 26424       3       com.google.common.collect.Iterables$4::<init> (15 bytes)
Event: 1427.711 Thread 0x0000000016943800 nmethod 26424 0x0000000007445b10 code [0x0000000007445c80, 0x0000000007445f90]
Event: 1427.717 Thread 0x0000000016943800 26427       3       org.gradle.internal.component.external.model.GradleDependencyMetadata::selectConfigurations (16 bytes)
Event: 1427.719 Thread 0x0000000016943800 nmethod 26427 0x000000000743e690 code [0x000000000743e880, 0x000000000743f198]
Event: 1427.727 Thread 0x0000000016943800 26428       3       com.google.common.collect.Maps::newHashMapWithExpectedSize (12 bytes)
Event: 1427.728 Thread 0x0000000016943800 nmethod 26428 0x000000000743dfd0 code [0x000000000743e1a0, 0x000000000743e538]
Event: 1427.746 Thread 0x0000000016943800 26430       3       org.gradle.internal.instantiation.DependencyInjectingInstantiator::access$000 (10 bytes)
Event: 1427.746 Thread 0x0000000016943800 nmethod 26430 0x0000000004cbbc10 code [0x0000000004cbbd80, 0x0000000004cbbee8]
Event: 1427.746 Thread 0x0000000016943800 26431       3       org.gradle.api.internal.artifacts.transform.DefaultTransformer$TransformServiceLookup::get (46 bytes)
Event: 1427.747 Thread 0x0000000016943800 nmethod 26431 0x000000000743cb90 code [0x000000000743cdc0, 0x000000000743d9a8]

GC Heap History (10 events):
Event: 1178.309 GC heap before
{Heap before GC invocations=29 (full 4):
 PSYoungGen      total 420864K, used 420838K [0x00000000e0000000, 0x00000000fe580000, 0x0000000100000000)
  eden space 369152K, 100% used [0x00000000e0000000,0x00000000f6880000,0x00000000f6880000)
  from space 51712K, 99% used [0x00000000fa400000,0x00000000fd6799f0,0x00000000fd680000)
  to   space 60928K, 0% used [0x00000000f6880000,0x00000000f6880000,0x00000000fa400000)
 ParOldGen       total 258560K, used 74783K [0x00000000a0000000, 0x00000000afc80000, 0x00000000e0000000)
  object space 258560K, 28% used [0x00000000a0000000,0x00000000a4907da0,0x00000000afc80000)
 Metaspace       used 108996K, capacity 115481K, committed 115712K, reserved 1148928K
  class space    used 13867K, capacity 15348K, committed 15360K, reserved 1048576K
Event: 1178.407 GC heap after
Heap after GC invocations=29 (full 4):
 PSYoungGen      total 430080K, used 60911K [0x00000000e0000000, 0x0000000100000000, 0x0000000100000000)
  eden space 369152K, 0% used [0x00000000e0000000,0x00000000e0000000,0x00000000f6880000)
  from space 60928K, 99% used [0x00000000f6880000,0x00000000fa3fbff0,0x00000000fa400000)
  to   space 71680K, 0% used [0x00000000fba00000,0x00000000fba00000,0x0000000100000000)
 ParOldGen       total 258560K, used 79376K [0x00000000a0000000, 0x00000000afc80000, 0x00000000e0000000)
  object space 258560K, 30% used [0x00000000a0000000,0x00000000a4d84078,0x00000000afc80000)
 Metaspace       used 108996K, capacity 115481K, committed 115712K, reserved 1148928K
  class space    used 13867K, capacity 15348K, committed 15360K, reserved 1048576K
}
Event: 1180.367 GC heap before
{Heap before GC invocations=30 (full 4):
 PSYoungGen      total 430080K, used 430063K [0x00000000e0000000, 0x0000000100000000, 0x0000000100000000)
  eden space 369152K, 100% used [0x00000000e0000000,0x00000000f6880000,0x00000000f6880000)
  from space 60928K, 99% used [0x00000000f6880000,0x00000000fa3fbff0,0x00000000fa400000)
  to   space 71680K, 0% used [0x00000000fba00000,0x00000000fba00000,0x0000000100000000)
 ParOldGen       total 258560K, used 79377K [0x00000000a0000000, 0x00000000afc80000, 0x00000000e0000000)
  object space 258560K, 30% used [0x00000000a0000000,0x00000000a4d847c0,0x00000000afc80000)
 Metaspace       used 109016K, capacity 115545K, committed 115712K, reserved 1148928K
  class space    used 13868K, capacity 15348K, committed 15360K, reserved 1048576K
Event: 1180.537 GC heap after
Heap after GC invocations=30 (full 4):
 PSYoungGen      total 409600K, used 71670K [0x00000000e0000000, 0x0000000100000000, 0x0000000100000000)
  eden space 337920K, 0% used [0x00000000e0000000,0x00000000e0000000,0x00000000f4a00000)
  from space 71680K, 99% used [0x00000000fba00000,0x00000000ffffd818,0x0000000100000000)
  to   space 93184K, 0% used [0x00000000f4a00000,0x00000000f4a00000,0x00000000fa500000)
 ParOldGen       total 258560K, used 108457K [0x00000000a0000000, 0x00000000afc80000, 0x00000000e0000000)
  object space 258560K, 41% used [0x00000000a0000000,0x00000000a69ea7c0,0x00000000afc80000)
 Metaspace       used 109016K, capacity 115545K, committed 115712K, reserved 1148928K
  class space    used 13868K, capacity 15348K, committed 15360K, reserved 1048576K
}
Event: 1180.541 GC heap before
{Heap before GC invocations=31 (full 4):
 PSYoungGen      total 409600K, used 74244K [0x00000000e0000000, 0x0000000100000000, 0x0000000100000000)
  eden space 337920K, 0% used [0x00000000e0000000,0x00000000e02838a0,0x00000000f4a00000)
  from space 71680K, 99% used [0x00000000fba00000,0x00000000ffffd818,0x0000000100000000)
  to   space 93184K, 0% used [0x00000000f4a00000,0x00000000f4a00000,0x00000000fa500000)
 ParOldGen       total 258560K, used 108457K [0x00000000a0000000, 0x00000000afc80000, 0x00000000e0000000)
  object space 258560K, 41% used [0x00000000a0000000,0x00000000a69ea7c0,0x00000000afc80000)
 Metaspace       used 109016K, capacity 115545K, committed 115712K, reserved 1148928K
  class space    used 13868K, capacity 15348K, committed 15360K, reserved 1048576K
Event: 1180.627 GC heap after
Heap after GC invocations=31 (full 4):
 PSYoungGen      total 398848K, used 60592K [0x00000000e0000000, 0x0000000100000000, 0x0000000100000000)
  eden space 337920K, 0% used [0x00000000e0000000,0x00000000e0000000,0x00000000f4a00000)
  from space 60928K, 99% used [0x00000000f4a00000,0x00000000f852c030,0x00000000f8580000)
  to   space 95744K, 0% used [0x00000000fa280000,0x00000000fa280000,0x0000000100000000)
 ParOldGen       total 258560K, used 119610K [0x00000000a0000000, 0x00000000afc80000, 0x00000000e0000000)
  object space 258560K, 46% used [0x00000000a0000000,0x00000000a74ce8b0,0x00000000afc80000)
 Metaspace       used 109016K, capacity 115545K, committed 115712K, reserved 1148928K
  class space    used 13868K, capacity 15348K, committed 15360K, reserved 1048576K
}
Event: 1182.596 GC heap before
{Heap before GC invocations=32 (full 4):
 PSYoungGen      total 398848K, used 398512K [0x00000000e0000000, 0x0000000100000000, 0x0000000100000000)
  eden space 337920K, 100% used [0x00000000e0000000,0x00000000f4a00000,0x00000000f4a00000)
  from space 60928K, 99% used [0x00000000f4a00000,0x00000000f852c030,0x00000000f8580000)
  to   space 95744K, 0% used [0x00000000fa280000,0x00000000fa280000,0x0000000100000000)
 ParOldGen       total 258560K, used 119610K [0x00000000a0000000, 0x00000000afc80000, 0x00000000e0000000)
  object space 258560K, 46% used [0x00000000a0000000,0x00000000a74ce8b0,0x00000000afc80000)
 Metaspace       used 109036K, capacity 115545K, committed 115712K, reserved 1148928K
  class space    used 13868K, capacity 15348K, committed 15360K, reserved 1048576K
Event: 1182.707 GC heap after
Heap after GC invocations=32 (full 4):
 PSYoungGen      total 432128K, used 47033K [0x00000000e0000000, 0x0000000100000000, 0x0000000100000000)
  eden space 336384K, 0% used [0x00000000e0000000,0x00000000e0000000,0x00000000f4880000)
  from space 95744K, 49% used [0x00000000fa280000,0x00000000fd06e7b0,0x0000000100000000)
  to   space 92160K, 0% used [0x00000000f4880000,0x00000000f4880000,0x00000000fa280000)
 ParOldGen       total 258560K, used 130542K [0x00000000a0000000, 0x00000000afc80000, 0x00000000e0000000)
  object space 258560K, 50% used [0x00000000a0000000,0x00000000a7f7b830,0x00000000afc80000)
 Metaspace       used 109036K, capacity 115545K, committed 115712K, reserved 1148928K
  class space    used 13868K, capacity 15348K, committed 15360K, reserved 1048576K
}
Event: 1226.696 GC heap before
{Heap before GC invocations=33 (full 4):
 PSYoungGen      total 432128K, used 383417K [0x00000000e0000000, 0x0000000100000000, 0x0000000100000000)
  eden space 336384K, 100% used [0x00000000e0000000,0x00000000f4880000,0x00000000f4880000)
  from space 95744K, 49% used [0x00000000fa280000,0x00000000fd06e7b0,0x0000000100000000)
  to   space 92160K, 0% used [0x00000000f4880000,0x00000000f4880000,0x00000000fa280000)
 ParOldGen       total 258560K, used 130542K [0x00000000a0000000, 0x00000000afc80000, 0x00000000e0000000)
  object space 258560K, 50% used [0x00000000a0000000,0x00000000a7f7b830,0x00000000afc80000)
 Metaspace       used 109841K, capacity 116341K, committed 116608K, reserved 1150976K
  class space    used 13957K, capacity 15456K, committed 15488K, reserved 1048576K
Event: 1226.738 GC heap after
Heap after GC invocations=33 (full 4):
 PSYoungGen      total 352256K, used 15716K [0x00000000e0000000, 0x00000000ffb80000, 0x0000000100000000)
  eden space 336384K, 0% used [0x00000000e0000000,0x00000000e0000000,0x00000000f4880000)
  from space 15872K, 99% used [0x00000000f4880000,0x00000000f57d9278,0x00000000f5800000)
  to   space 91648K, 0% used [0x00000000fa200000,0x00000000fa200000,0x00000000ffb80000)
 ParOldGen       total 258560K, used 148548K [0x00000000a0000000, 0x00000000afc80000, 0x00000000e0000000)
  object space 258560K, 57% used [0x00000000a0000000,0x00000000a91113d8,0x00000000afc80000)
 Metaspace       used 109841K, capacity 116341K, committed 116608K, reserved 1150976K
  class space    used 13957K, capacity 15456K, committed 15488K, reserved 1048576K
}

Deoptimization events (10 events):
Event: 1424.690 Thread 0x00000000207af000 Uncommon trap: reason=bimorphic action=maybe_recompile pc=0x000000000420ee5c method=org.gradle.api.internal.artifacts.ivyservice.resolveengine.graph.builder.EdgeState.computeHashCode()I @ 36
Event: 1424.704 Thread 0x00000000207af000 Uncommon trap: reason=unstable_if action=reinterpret pc=0x0000000006b49344 method=org.gradle.api.internal.artifacts.ivyservice.ivyresolve.RepositoryChainArtifactResolver.resolveArtifacts(Lorg/gradle/internal/component/model/ComponentResolveMetadata;Lorg/g
Event: 1424.915 Thread 0x00000000207ba800 Uncommon trap: reason=null_check action=make_not_entrant pc=0x00000000068779a8 method=org.gradle.internal.resource.cached.AbstractCachedIndex.lookup(Ljava/lang/Object;)Lorg/gradle/internal/resource/cached/CachedItem; @ 23
Event: 1425.728 Thread 0x00000000207af000 Uncommon trap: reason=unstable_if action=reinterpret pc=0x0000000003b0e138 method=com.esotericsoftware.kryo.io.Input.readVarLong(Z)J @ 84
Event: 1426.967 Thread 0x00000000207af000 Uncommon trap: reason=array_check action=maybe_recompile pc=0x0000000007537be4 method=java.util.ComparableTimSort.mergeLo(IIII)V @ 81
Event: 1427.008 Thread 0x00000000207ba800 Uncommon trap: reason=array_check action=maybe_recompile pc=0x0000000007537be4 method=java.util.ComparableTimSort.mergeLo(IIII)V @ 81
Event: 1427.008 Thread 0x00000000207ba800 Uncommon trap: reason=array_check action=maybe_recompile pc=0x0000000007537be4 method=java.util.ComparableTimSort.mergeLo(IIII)V @ 81
Event: 1427.008 Thread 0x00000000207ba800 Uncommon trap: reason=array_check action=maybe_recompile pc=0x0000000007537be4 method=java.util.ComparableTimSort.mergeLo(IIII)V @ 81
Event: 1427.722 Thread 0x00000000207af000 Uncommon trap: reason=bimorphic action=maybe_recompile pc=0x000000000420ee5c method=org.gradle.api.internal.artifacts.ivyservice.resolveengine.graph.builder.EdgeState.computeHashCode()I @ 36
Event: 1427.722 Thread 0x00000000207af000 Uncommon trap: reason=bimorphic action=maybe_recompile pc=0x000000000420ee5c method=org.gradle.api.internal.artifacts.ivyservice.resolveengine.graph.builder.EdgeState.computeHashCode()I @ 36

Classes redefined (0 events):
No events

Internal exceptions (10 events):
Event: 1421.776 Thread 0x00000000207af000 Exception <a 'java/lang/ClassNotFoundException': org/jetbrains/plugins/gradle/tooling/util/SourceSetCachedFinder$2BeanInfo> (0x00000000ef477910) thrown at [D:\src\AOSP-openjdk-cygwin\jdk8u\hotspot\src\share\vm\classfile\systemDictionary.cpp, line 210]
Event: 1421.777 Thread 0x00000000207af000 Exception <a 'java/lang/ClassNotFoundException': org/jetbrains/plugins/gradle/tooling/util/SourceSetCachedFinder$2Customizer> (0x00000000ef48c6d0) thrown at [D:\src\AOSP-openjdk-cygwin\jdk8u\hotspot\src\share\vm\classfile\systemDictionary.cpp, line 210]
Event: 1421.778 Thread 0x00000000207af000 Exception <a 'java/lang/ClassNotFoundException': org/jetbrains/plugins/gradle/tooling/util/SourceSetCachedFinderBeanInfo> (0x00000000ef4cb960) thrown at [D:\src\AOSP-openjdk-cygwin\jdk8u\hotspot\src\share\vm\classfile\systemDictionary.cpp, line 210]
Event: 1421.779 Thread 0x00000000207af000 Exception <a 'java/lang/ClassNotFoundException': org/jetbrains/plugins/gradle/tooling/util/SourceSetCachedFinderCustomizer> (0x00000000ef4dfcc0) thrown at [D:\src\AOSP-openjdk-cygwin\jdk8u\hotspot\src\share\vm\classfile\systemDictionary.cpp, line 210]
Event: 1421.783 Thread 0x00000000207af000 Exception <a 'java/lang/ClassNotFoundException': org/jetbrains/plugins/gradle/tooling/util/JavaPluginUtilBeanInfo> (0x00000000ef522ca8) thrown at [D:\src\AOSP-openjdk-cygwin\jdk8u\hotspot\src\share\vm\classfile\systemDictionary.cpp, line 210]
Event: 1421.784 Thread 0x00000000207af000 Exception <a 'java/lang/ClassNotFoundException': org/jetbrains/plugins/gradle/tooling/util/JavaPluginUtilCustomizer> (0x00000000ef535a28) thrown at [D:\src\AOSP-openjdk-cygwin\jdk8u\hotspot\src\share\vm\classfile\systemDictionary.cpp, line 210]
Event: 1423.117 Thread 0x00000000207af000 Implicit null exception at 0x000000000697cf44 to 0x000000000697db25
Event: 1423.279 Thread 0x00000000207af000 Implicit null exception at 0x0000000006bd6920 to 0x0000000006bda645
Event: 1424.704 Thread 0x00000000207af000 Implicit null exception at 0x0000000006b42985 to 0x0000000006b492d5
Event: 1424.915 Thread 0x00000000207ba800 Implicit null exception at 0x000000000687534f to 0x0000000006877975

Events (10 events):
Event: 1427.008 Thread 0x00000000207ba800 DEOPT PACKING pc=0x0000000007537be4 sp=0x000000003ad0cfd0
Event: 1427.008 Thread 0x00000000207ba800 DEOPT UNPACKING pc=0x000000000301557b sp=0x000000003ad0cfc0 mode 2
Event: 1427.715 Executing VM operation: RevokeBias
Event: 1427.715 Executing VM operation: RevokeBias done
Event: 1427.722 Thread 0x00000000207af000 Uncommon trap: trap_request=0xffffffc6 fr.pc=0x000000000420ee5c
Event: 1427.722 Thread 0x00000000207af000 DEOPT PACKING pc=0x000000000420ee5c sp=0x000000003a60a690
Event: 1427.722 Thread 0x00000000207af000 DEOPT UNPACKING pc=0x000000000301557b sp=0x000000003a60a510 mode 2
Event: 1427.722 Thread 0x00000000207af000 Uncommon trap: trap_request=0xffffffc6 fr.pc=0x000000000420ee5c
Event: 1427.722 Thread 0x00000000207af000 DEOPT PACKING pc=0x000000000420ee5c sp=0x000000003a60a690
Event: 1427.722 Thread 0x00000000207af000 DEOPT UNPACKING pc=0x000000000301557b sp=0x000000003a60a510 mode 2


Dynamic libraries:
0x00007ff73faf0000 - 0x00007ff73fb21000 	F:\Program Files\Android\Android Studio\jre\bin\java.exe
0x00007ffdec4f0000 - 0x00007ffdec6b1000 	C:\Windows\SYSTEM32\ntdll.dll
0x00007ffdec0f0000 - 0x00007ffdec19d000 	C:\Windows\system32\KERNEL32.DLL
0x00007ffde8e80000 - 0x00007ffde9068000 	C:\Windows\system32\KERNELBASE.dll
0x00007ffde9ff0000 - 0x00007ffdea097000 	C:\Windows\system32\ADVAPI32.dll
0x00007ffdec340000 - 0x00007ffdec3dd000 	C:\Windows\system32\msvcrt.dll
0x00007ffdebe10000 - 0x00007ffdebe6b000 	C:\Windows\system32\sechost.dll
0x00007ffde98f0000 - 0x00007ffde9a0c000 	C:\Windows\system32\RPCRT4.dll
0x00007ffdec1a0000 - 0x00007ffdec2f6000 	C:\Windows\system32\USER32.dll
0x00007ffde9e40000 - 0x00007ffde9fc6000 	C:\Windows\system32\GDI32.dll
0x00007ffdde070000 - 0x00007ffdde2e4000 	C:\Windows\WinSxS\amd64_microsoft.windows.common-controls_6595b64144ccf1df_6.0.10586.0_none_8c15ae12515e1c22\COMCTL32.dll
0x00007ffdebe70000 - 0x00007ffdec0ed000 	C:\Windows\system32\combase.dll
0x00007ffde97f0000 - 0x00007ffde985a000 	C:\Windows\system32\bcryptPrimitives.dll
0x00007ffdec300000 - 0x00007ffdec33b000 	C:\Windows\system32\IMM32.DLL
0x00000000503c0000 - 0x0000000050492000 	F:\Program Files\Android\Android Studio\jre\jre\bin\msvcr100.dll
0x00000000775e0000 - 0x0000000077e26000 	F:\Program Files\Android\Android Studio\jre\jre\bin\server\jvm.dll
0x00007ffde9a10000 - 0x00007ffde9a18000 	C:\Windows\system32\PSAPI.DLL
0x00007ffddd740000 - 0x00007ffddd74a000 	C:\Windows\SYSTEM32\VERSION.dll
0x00007ffde6c20000 - 0x00007ffde6c29000 	C:\Windows\SYSTEM32\WSOCK32.dll
0x00007ffde7120000 - 0x00007ffde7143000 	C:\Windows\SYSTEM32\WINMM.dll
0x00007ffdeb670000 - 0x00007ffdeb6db000 	C:\Windows\system32\WS2_32.dll
0x0000000001540000 - 0x000000000156c000 	C:\Windows\SYSTEM32\WINMMBASE.dll
0x00007ffde8ba0000 - 0x00007ffde8be3000 	C:\Windows\system32\cfgmgr32.dll
0x00007ffdd14f0000 - 0x00007ffdd14ff000 	F:\Program Files\Android\Android Studio\jre\jre\bin\verify.dll
0x00007ffdd1300000 - 0x00007ffdd1329000 	F:\Program Files\Android\Android Studio\jre\jre\bin\java.dll
0x00007ffdcd550000 - 0x00007ffdcd566000 	F:\Program Files\Android\Android Studio\jre\jre\bin\zip.dll
0x00007ffdea0a0000 - 0x00007ffdeb5fc000 	C:\Windows\system32\SHELL32.dll
0x00007ffde91a0000 - 0x00007ffde97e4000 	C:\Windows\system32\windows.storage.dll
0x00007ffdec3e0000 - 0x00007ffdec432000 	C:\Windows\system32\shlwapi.dll
0x00007ffde8b10000 - 0x00007ffde8b1f000 	C:\Windows\system32\kernel.appcore.dll
0x00007ffde8dc0000 - 0x00007ffde8e75000 	C:\Windows\system32\shcore.dll
0x00007ffde8b50000 - 0x00007ffde8b9b000 	C:\Windows\system32\powrprof.dll
0x00007ffde8b20000 - 0x00007ffde8b34000 	C:\Windows\system32\profapi.dll
0x00007ffdcd290000 - 0x00007ffdcd2aa000 	F:\Program Files\Android\Android Studio\jre\jre\bin\net.dll
0x00007ffddd580000 - 0x00007ffddd737000 	C:\Windows\SYSTEM32\urlmon.dll
0x00007ffde06c0000 - 0x00007ffde0a44000 	C:\Windows\SYSTEM32\iertutil.dll
0x00007ffde8440000 - 0x00007ffde849c000 	C:\Windows\system32\mswsock.dll
0x00007ffdcd170000 - 0x00007ffdcd183000 	F:\Program Files\Android\Android Studio\jre\jre\bin\nio.dll
0x00007ffdcb5b0000 - 0x00007ffdcb5d6000 	C:\Users\AravindhGopi\.gradle\native\30\windows-amd64\native-platform.dll
0x00007ffdd12f0000 - 0x00007ffdd12fd000 	F:\Program Files\Android\Android Studio\jre\jre\bin\management.dll
0x00007ffde84f0000 - 0x00007ffde8507000 	C:\Windows\SYSTEM32\CRYPTSP.dll
0x00007ffde8120000 - 0x00007ffde8154000 	C:\Windows\system32\rsaenh.dll
0x00007ffde8a40000 - 0x00007ffde8a69000 	C:\Windows\SYSTEM32\bcrypt.dll
0x00007ffde82d0000 - 0x00007ffde82ef000 	C:\Windows\SYSTEM32\USERENV.dll
0x00007ffde8610000 - 0x00007ffde861b000 	C:\Windows\SYSTEM32\CRYPTBASE.dll
0x00007ffde4080000 - 0x00007ffde40b8000 	C:\Windows\SYSTEM32\IPHLPAPI.DLL
0x00007ffdeb820000 - 0x00007ffdeb828000 	C:\Windows\system32\NSI.dll
0x00007ffde2940000 - 0x00007ffde2956000 	C:\Windows\SYSTEM32\dhcpcsvc6.DLL
0x00007ffde38a0000 - 0x00007ffde38ba000 	C:\Windows\SYSTEM32\dhcpcsvc.DLL
0x00007ffde8000000 - 0x00007ffde8031000 	C:\Windows\SYSTEM32\ntmarta.dll
0x00007ffdd0dd0000 - 0x00007ffdd0e6c000 	C:\Windows\SYSTEM32\efswrt.dll
0x00007ffdeb6e0000 - 0x00007ffdeb7a1000 	C:\Windows\system32\OLEAUT32.dll
0x00007ffde45d0000 - 0x00007ffde4706000 	C:\Windows\SYSTEM32\wintypes.dll
0x00007ffdd5f80000 - 0x00007ffdd5fd0000 	C:\Windows\SYSTEM32\edputil.dll
0x00007ffdc4910000 - 0x00007ffdc4934000 	F:\Program Files\Android\Android Studio\jre\jre\bin\sunec.dll
0x00007ffde7630000 - 0x00007ffde76da000 	C:\Windows\SYSTEM32\DNSAPI.dll
0x00007ffdde700000 - 0x00007ffdde70a000 	C:\Windows\System32\rasadhlp.dll
0x00007ffddff10000 - 0x00007ffddff77000 	C:\Windows\System32\fwpuclnt.dll
0x00007ffdd11d0000 - 0x00007ffdd11db000 	F:\Program Files\Android\Android Studio\jre\jre\bin\sunmscapi.dll
0x00007ffde8bf0000 - 0x00007ffde8db8000 	C:\Windows\system32\CRYPT32.dll
0x00007ffde8b40000 - 0x00007ffde8b50000 	C:\Windows\system32\MSASN1.dll
0x00007ffda9c70000 - 0x00007ffda9e0c000 	F:\Program Files\Android\Android Studio\jre\jre\bin\awt.dll
0x00007ffde6860000 - 0x00007ffde6882000 	C:\Windows\SYSTEM32\dwmapi.dll
0x00007ffde1a90000 - 0x00007ffde1fd5000 	C:\Windows\SYSTEM32\d2d1.dll
0x00007ffde75b0000 - 0x00007ffde7629000 	C:\Windows\system32\apphelp.dll
0x00007ffde7700000 - 0x00007ffde7796000 	C:\Windows\system32\uxtheme.dll

VM Arguments:
jvm_args: -Xmx1536m -Dfile.encoding=windows-1252 -Duser.country=US -Duser.language=en -Duser.variant 
java_command: org.gradle.launcher.daemon.bootstrap.GradleDaemon 5.6.4
java_class_path (initial): C:\Users\AravindhGopi\.gradle\wrapper\dists\gradle-5.6.4-all\ankdp27end7byghfw1q2sw75f\gradle-5.6.4\lib\gradle-launcher-5.6.4.jar
Launcher Type: SUN_STANDARD

Environment Variables:
PATH=C:\Program Files (x86)\Common Files\Oracle\Java\javapath;C:\Windows\system32;C:\Windows;C:\Windows\System32\Wbem;C:\Windows\System32\WindowsPowerShell\v1.0\;C:\Program Files (x86)\ATI Technologies\ATI.ACE\Core-Static;f:\Program Files\Git\cmd;F:\Program Files\PuTTY\;C:\Users\AravindhGopi\AppData\Local\Android\Sdk\platform-tools\;C:\Users\AravindhGopi\AppData\Roaming\npm;F:\Program Files\nodejs\;C:\Program Files\Java\jdk1.8.0_231\bin;F:\gradle-6.0.1\bin;C:\Android;C:\Windows\System32;F:\Program Files\Microsoft VS Code\bin;F:\composer;F:\laragon\bin\php\php-7.2.19-Win32-VC15-x64;F:\Program Files\Git\bin;C:\Users\AravindhGopi\AppData\Local\Programs\Microsoft VS Code\bin
USERNAME=AravindhGopi
OS=Windows_NT
PROCESSOR_IDENTIFIER=Intel64 Family 6 Model 58 Stepping 9, GenuineIntel



---------------  S Y S T E M  ---------------

OS: Windows 10.0 , 64 bit Build 10586 (10.0.10586.0)

CPU:total 4 (initial active 4) (2 cores per cpu, 2 threads per core) family 6 model 58 stepping 9, cmov, cx8, fxsr, mmx, sse, sse2, sse3, ssse3, sse4.1, sse4.2, popcnt, avx, aes, clmul, erms, ht, tsc, tscinvbit, tscinv

Memory: 4k page, physical 8260920k(736712k free), swap 17221044k(6132k free)

vm_info: OpenJDK 64-Bit Server VM (25.212-b04) for windows-amd64 JRE (1.8.0_212-release-1586-b04), built by "builder" with MS VC++ 10.0 (VS2010)

time: Tue Apr 21 09:42:12 2020
timezone: India Standard Time
elapsed time: 1427 seconds (0d 0h 23m 47s)

